-------------------------------------------------------------------------------
Test set: runner.TestRunner
-------------------------------------------------------------------------------
Tests run: 1, Failures: 1, Errors: 0, Skipped: 0, Time elapsed: 19.013 s <<< FAILURE! - in runner.TestRunner
Navigate to HN website(HN homepage)  Time elapsed: 14.559 s  <<< FAILURE!
org.junit.ComparisonFailure: expected:<[Harvey Norman | Computers, Electrical, Furniture & Bedding | Harvey Norman Australia]> but was:<[]>

